#
# A fatal error has been detected by the Java Runtime Environment:
#
#  Internal Error (./open/src/hotspot/share/classfile/stackMapFrame.cpp:125), pid=8232, tid=1032
#  Error: ShouldNotReachHere()
#
# JRE version: Java(TM) SE Runtime Environment (15.0.2+7) (build 15.0.2+7-27)
# Java VM: Java HotSpot(TM) 64-Bit Server VM (15.0.2+7-27, mixed mode, sharing, tiered, compressed oops, g1 gc, windows-amd64)
# No core dump will be written. Minidumps are not enabled by default on client versions of Windows
#
# If you would like to submit a bug report, please visit:
#   https://bugreport.java.com/bugreport/crash.jsp
#

---------------  S U M M A R Y ------------

Command Line: -Xmx1536M -Dsbt.supershell=false -Didea.managed=true -Dfile.encoding=UTF-8 -Dsbt.log.noformat=true C:\Users\Hossein\AppData\Roaming\JetBrains\IntelliJIdea2020.3\plugins\Scala\launcher\sbt-launch.jar early(addPluginSbtFile="""C:\Users\Hossein\AppData\Local\Temp\idea3.sbt""") ; set ideaPort in Global := 1188 ; idea-shell

Host: AMD A12-9720P RADEON R7, 12 COMPUTE CORES 4C+8G, 4 cores, 6G,  Windows 10 , 64 bit Build 19041 (10.0.19041.1023)
Time: Tue Jul 13 13:04:31 2021 Iran Daylight Time elapsed time: 5.252344 seconds (0d 0h 0m 5s)

---------------  T H R E A D  ---------------

Current thread (0x000001e4bf9afae0):  JavaThread "sbt-parser-init-thread" daemon [_thread_in_vm, id=1032, stack(0x0000005cfc600000,0x0000005cfc700000)]

Stack: [0x0000005cfc600000,0x0000005cfc700000]
Native frames: (J=compiled Java code, j=interpreted, Vv=VM code, C=native code)
V  [jvm.dll+0x62ae9a]
V  [jvm.dll+0x7817a9]
V  [jvm.dll+0x782f03]
V  [jvm.dll+0x783517]
V  [jvm.dll+0x21628c]
V  [jvm.dll+0x2161d3]
V  [jvm.dll+0x6b16ce]
V  [jvm.dll+0x772b3e]
V  [jvm.dll+0x76eb45]
V  [jvm.dll+0x33af0f]
V  [jvm.dll+0x33ad96]
V  [jvm.dll+0x33ad96]
V  [jvm.dll+0x33ad96]
V  [jvm.dll+0x339e78]
V  [jvm.dll+0x339e18]
V  [jvm.dll+0x34900d]
C  0x000001e4a959ee0d

Java frames: (J=compiled Java code, j=interpreted, Vv=VM code)
j  scala.reflect.internal.SymbolTable.NoType$lzycompute$1()V+10
j  scala.reflect.internal.SymbolTable.NoType()Lscala/reflect/internal/Types$NoType$;+8
j  scala.reflect.internal.Trees$CannotHaveAttrs.$init$(Lscala/reflect/internal/Trees$CannotHaveAttrs;)V+31
j  scala.reflect.internal.Trees$EmptyTree$.<init>(Lscala/reflect/internal/SymbolTable;)V+6
j  scala.reflect.internal.SymbolTable.EmptyTree$lzycompute$1()V+15
j  scala.reflect.internal.SymbolTable.EmptyTree()Lscala/reflect/internal/Trees$EmptyTree$;+8
j  scala.tools.nsc.typechecker.TypersTracking.$init$(Lscala/tools/nsc/typechecker/TypersTracking;)V+10
j  scala.tools.nsc.Global$$anon$5.<init>(Lscala/tools/nsc/Global;)V+30
j  scala.tools.nsc.Global.analyzer$lzycompute()Lscala/tools/nsc/typechecker/Analyzer;+19
j  scala.tools.nsc.Global.analyzer()Lscala/tools/nsc/typechecker/Analyzer;+12
j  scala.tools.nsc.Global.<init>(Lscala/tools/nsc/Settings;Lscala/tools/nsc/reporters/Reporter;)V+635
j  sbt.internal.parser.SbtParser$$anon$1.<init>(Lscala/tools/nsc/Settings;)V+8
j  sbt.internal.parser.SbtParser$.<init>()V+240
j  sbt.internal.parser.SbtParser$.<clinit>()V+3
v  ~StubRoutines::call_stub
j  sbt.internal.parser.SbtParserInit$$anon$2.run()V+0
v  ~StubRoutines::call_stub

---------------  P R O C E S S  ---------------

Threads class SMR info:
_java_thread_list=0x000001e4c3ec3b50, length=19, elements={
0x000001e49fb414b0, 0x000001e4bea48ac0, 0x000001e4bea495a0, 0x000001e4bea61a20,
0x000001e4bea643f0, 0x000001e4bea66dc0, 0x000001e4bea69ab0, 0x000001e4bea7a6f0,
0x000001e4bea9bf80, 0x000001e4bf4bd620, 0x000001e4bf4c2750, 0x000001e4bfb9c230,
0x000001e4bf75ba40, 0x000001e4bf9b0620, 0x000001e4bf9afae0, 0x000001e4c0d823f0,
0x000001e4c20857e0, 0x000001e4c0a8f8f0, 0x000001e4c0a90760
}

Java Threads: ( => current thread )
  0x000001e49fb414b0 JavaThread "main" [_thread_in_vm, id=7832, stack(0x0000005cfb000000,0x0000005cfb100000)]
  0x000001e4bea48ac0 JavaThread "Reference Handler" daemon [_thread_blocked, id=1452, stack(0x0000005cfb700000,0x0000005cfb800000)]
  0x000001e4bea495a0 JavaThread "Finalizer" daemon [_thread_blocked, id=1364, stack(0x0000005cfb800000,0x0000005cfb900000)]
  0x000001e4bea61a20 JavaThread "Signal Dispatcher" daemon [_thread_blocked, id=3628, stack(0x0000005cfb900000,0x0000005cfba00000)]
  0x000001e4bea643f0 JavaThread "Attach Listener" daemon [_thread_blocked, id=1048, stack(0x0000005cfba00000,0x0000005cfbb00000)]
  0x000001e4bea66dc0 JavaThread "Service Thread" daemon [_thread_blocked, id=4356, stack(0x0000005cfbb00000,0x0000005cfbc00000)]
  0x000001e4bea69ab0 JavaThread "C2 CompilerThread0" daemon [_thread_in_native, id=8752, stack(0x0000005cfbc00000,0x0000005cfbd00000)]
  0x000001e4bea7a6f0 JavaThread "C1 CompilerThread0" daemon [_thread_blocked, id=4916, stack(0x0000005cfbd00000,0x0000005cfbe00000)]
  0x000001e4bea9bf80 JavaThread "Sweeper thread" daemon [_thread_blocked, id=8860, stack(0x0000005cfbe00000,0x0000005cfbf00000)]
  0x000001e4bf4bd620 JavaThread "Notification Thread" daemon [_thread_blocked, id=8444, stack(0x0000005cfbf00000,0x0000005cfc000000)]
  0x000001e4bf4c2750 JavaThread "Common-Cleaner" daemon [_thread_blocked, id=1316, stack(0x0000005cfc100000,0x0000005cfc200000)]
  0x000001e4bfb9c230 JavaThread "pool-1-thread-1" [_thread_in_vm, id=8556, stack(0x0000005cfc200000,0x0000005cfc300000)]
  0x000001e4bf75ba40 JavaThread "pool-1-thread-2" [_thread_blocked, id=5712, stack(0x0000005cfc400000,0x0000005cfc500000)]
  0x000001e4bf9b0620 JavaThread "pool-1-thread-3" [_thread_blocked, id=6056, stack(0x0000005cfc500000,0x0000005cfc600000)]
=>0x000001e4bf9afae0 JavaThread "sbt-parser-init-thread" daemon [_thread_in_vm, id=1032, stack(0x0000005cfc600000,0x0000005cfc700000)]
  0x000001e4c0d823f0 JavaThread "C2 CompilerThread1" daemon [_thread_in_native, id=5324, stack(0x0000005cfc900000,0x0000005cfca00000)]
  0x000001e4c20857e0 JavaThread "boot-server-socket-thread-1" [_thread_in_native, id=1020, stack(0x0000005cfca00000,0x0000005cfcb00000)]
  0x000001e4c0a8f8f0 JavaThread "sbt-console-input-reader" [_thread_blocked, id=7884, stack(0x0000005cfcb00000,0x0000005cfcc00000)]
  0x000001e4c0a90760 JavaThread "classloader-cache-cleanup-0" daemon [_thread_blocked, id=4368, stack(0x0000005cfcc00000,0x0000005cfcd00000)]

Other Threads:
  0x000001e4bea41150 VMThread "VM Thread" [stack: 0x0000005cfb600000,0x0000005cfb700000] [id=8072]
  0x000001e4bf4bdaf0 WatcherThread [stack: 0x0000005cfc000000,0x0000005cfc100000] [id=8404]
  0x000001e49fb799c0 GCTaskThread "GC Thread#0" [stack: 0x0000005cfb100000,0x0000005cfb200000] [id=1240]
  0x000001e4bf75ee60 GCTaskThread "GC Thread#1" [stack: 0x0000005cfc300000,0x0000005cfc400000] [id=8940]
  0x000001e4bf75e800 GCTaskThread "GC Thread#2" [stack: 0x0000005cfc700000,0x0000005cfc800000] [id=1124]
  0x000001e4bf760e40 GCTaskThread "GC Thread#3" [stack: 0x0000005cfc800000,0x0000005cfc900000] [id=4784]
  0x000001e49fb86ba0 ConcurrentGCThread "G1 Main Marker" [stack: 0x0000005cfb200000,0x0000005cfb300000] [id=5992]
  0x000001e49fb87720 ConcurrentGCThread "G1 Conc#0" [stack: 0x0000005cfb300000,0x0000005cfb400000] [id=8268]
  0x000001e49fbecb60 ConcurrentGCThread "G1 Refine#0" [stack: 0x0000005cfb400000,0x0000005cfb500000] [id=1712]
  0x000001e49fbed670 ConcurrentGCThread "G1 Young RemSet Sampling" [stack: 0x0000005cfb500000,0x0000005cfb600000] [id=8880]

Threads with active compile tasks:
C2 CompilerThread0     5438 2157   !   4       java.util.concurrent.ConcurrentHashMap::transfer (849 bytes)
C2 CompilerThread1     5438 2142   !   4       java.net.URL::<init> (543 bytes)

VM state: not at safepoint (normal execution)

VM Mutex/Monitor currently owned by a thread: None

Heap address: 0x00000000a0000000, size: 1536 MB, Compressed Oops mode: 32-bit
CDS archive(s) mapped at: [0x0000000800000000-0x0000000800b50000-0x0000000800b50000), size 11862016, SharedBaseAddress: 0x0000000800000000, ArchiveRelocationMode: 0.
Compressed class space mapped at: 0x0000000800b50000-0x0000000840b50000, size: 1073741824
Narrow klass base: 0x0000000800000000, Narrow klass shift: 3, Narrow klass range: 0x100000000

GC Precious Log:
 CPUs: 4 total, 4 available
 Memory: 7117M
 Large Page Support: Disabled
 NUMA Support: Disabled
 Compressed Oops: Enabled (32-bit)
 Heap Region Size: 1M
 Heap Min Capacity: 8M
 Heap Initial Capacity: 112M
 Heap Max Capacity: 1536M
 Pre-touch: Disabled
 Parallel Workers: 4
 Concurrent Workers: 1
 Concurrent Refinement Workers: 4
 Periodic GC: Disabled

Heap:
 garbage-first heap   total 36864K, used 21636K [0x00000000a0000000, 0x0000000100000000)
  region size 1024K, 12 young (12288K), 2 survivors (2048K)
 Metaspace       used 37332K, capacity 38029K, committed 38272K, reserved 1083392K
  class space    used 4800K, capacity 4978K, committed 4992K, reserved 1048576K

Heap Regions: E=young(eden), S=young(survivor), O=old, HS=humongous(starts), HC=humongous(continues), CS=collection set, F=free, OA=open archive, CA=closed archive, TAMS=top-at-mark-start (previous, next)
|   0|0x00000000a0000000, 0x00000000a0100000, 0x00000000a0100000|100%| O|  |TAMS 0x00000000a0100000, 0x00000000a0000000| Untracked 
|   1|0x00000000a0100000, 0x00000000a01e7000, 0x00000000a0200000| 90%| O|  |TAMS 0x00000000a01e7000, 0x00000000a0100000| Untracked 
|   2|0x00000000a0200000, 0x00000000a0300000, 0x00000000a0300000|100%| O|  |TAMS 0x00000000a0300000, 0x00000000a0200000| Untracked 
|   3|0x00000000a0300000, 0x00000000a0400000, 0x00000000a0400000|100%| O|  |TAMS 0x00000000a0400000, 0x00000000a0300000| Untracked 
|   4|0x00000000a0400000, 0x00000000a0500000, 0x00000000a0500000|100%| O|  |TAMS 0x00000000a0500000, 0x00000000a0400000| Untracked 
|   5|0x00000000a0500000, 0x00000000a0600000, 0x00000000a0600000|100%| O|  |TAMS 0x00000000a0600000, 0x00000000a0500000| Untracked 
|   6|0x00000000a0600000, 0x00000000a0700000, 0x00000000a0700000|100%| O|  |TAMS 0x00000000a0700000, 0x00000000a0600000| Untracked 
|   7|0x00000000a0700000, 0x00000000a0800000, 0x00000000a0800000|100%| O|  |TAMS 0x00000000a0800000, 0x00000000a0700000| Untracked 
|   8|0x00000000a0800000, 0x00000000a0900000, 0x00000000a0900000|100%| O|  |TAMS 0x00000000a0843000, 0x00000000a0800000| Untracked 
|   9|0x00000000a0900000, 0x00000000a0a00000, 0x00000000a0a00000|100%|HS|  |TAMS 0x00000000a0a00000, 0x00000000a0900000| Complete 
|  10|0x00000000a0a00000, 0x00000000a0aaa200, 0x00000000a0b00000| 66%| O|  |TAMS 0x00000000a0a00000, 0x00000000a0a00000| Untracked 
|  11|0x00000000a0b00000, 0x00000000a0b00000, 0x00000000a0c00000|  0%| F|  |TAMS 0x00000000a0b00000, 0x00000000a0b00000| Untracked 
|  12|0x00000000a0c00000, 0x00000000a0c00000, 0x00000000a0d00000|  0%| F|  |TAMS 0x00000000a0c00000, 0x00000000a0c00000| Untracked 
|  13|0x00000000a0d00000, 0x00000000a0d00000, 0x00000000a0e00000|  0%| F|  |TAMS 0x00000000a0d00000, 0x00000000a0d00000| Untracked 
|  14|0x00000000a0e00000, 0x00000000a0e00000, 0x00000000a0f00000|  0%| F|  |TAMS 0x00000000a0e00000, 0x00000000a0e00000| Untracked 
|  15|0x00000000a0f00000, 0x00000000a0f00000, 0x00000000a1000000|  0%| F|  |TAMS 0x00000000a0f00000, 0x00000000a0f00000| Untracked 
|  16|0x00000000a1000000, 0x00000000a1000000, 0x00000000a1100000|  0%| F|  |TAMS 0x00000000a1000000, 0x00000000a1000000| Untracked 
|  17|0x00000000a1100000, 0x00000000a1100000, 0x00000000a1200000|  0%| F|  |TAMS 0x00000000a1100000, 0x00000000a1100000| Untracked 
|  18|0x00000000a1200000, 0x00000000a1200000, 0x00000000a1300000|  0%| F|  |TAMS 0x00000000a1200000, 0x00000000a1200000| Untracked 
|  19|0x00000000a1300000, 0x00000000a1300000, 0x00000000a1400000|  0%| F|  |TAMS 0x00000000a1300000, 0x00000000a1300000| Untracked 
|  20|0x00000000a1400000, 0x00000000a1400000, 0x00000000a1500000|  0%| F|  |TAMS 0x00000000a1400000, 0x00000000a1400000| Untracked 
|  21|0x00000000a1500000, 0x00000000a1500000, 0x00000000a1600000|  0%| F|  |TAMS 0x00000000a1500000, 0x00000000a1500000| Untracked 
|  22|0x00000000a1600000, 0x00000000a1600000, 0x00000000a1700000|  0%| F|  |TAMS 0x00000000a1600000, 0x00000000a1600000| Untracked 
|  23|0x00000000a1700000, 0x00000000a1700000, 0x00000000a1800000|  0%| F|  |TAMS 0x00000000a1700000, 0x00000000a1700000| Untracked 
|  24|0x00000000a1800000, 0x00000000a18ff150, 0x00000000a1900000| 99%| E|  |TAMS 0x00000000a1800000, 0x00000000a1800000| Complete 
|  25|0x00000000a1900000, 0x00000000a1a00000, 0x00000000a1a00000|100%| E|CS|TAMS 0x00000000a1900000, 0x00000000a1900000| Complete 
|  26|0x00000000a1a00000, 0x00000000a1b00000, 0x00000000a1b00000|100%| E|CS|TAMS 0x00000000a1a00000, 0x00000000a1a00000| Complete 
|  27|0x00000000a1b00000, 0x00000000a1c00000, 0x00000000a1c00000|100%| E|CS|TAMS 0x00000000a1b00000, 0x00000000a1b00000| Complete 
|  28|0x00000000a1c00000, 0x00000000a1d00000, 0x00000000a1d00000|100%| E|CS|TAMS 0x00000000a1c00000, 0x00000000a1c00000| Complete 
|  57|0x00000000a3900000, 0x00000000a3a00000, 0x00000000a3a00000|100%| E|CS|TAMS 0x00000000a3900000, 0x00000000a3900000| Complete 
|  58|0x00000000a3a00000, 0x00000000a3b00000, 0x00000000a3b00000|100%| E|CS|TAMS 0x00000000a3a00000, 0x00000000a3a00000| Complete 
|  59|0x00000000a3b00000, 0x00000000a3b90090, 0x00000000a3c00000| 56%| S|CS|TAMS 0x00000000a3b00000, 0x00000000a3b00000| Complete 
|  60|0x00000000a3c00000, 0x00000000a3d00000, 0x00000000a3d00000|100%| S|CS|TAMS 0x00000000a3c00000, 0x00000000a3c00000| Complete 
|  61|0x00000000a3d00000, 0x00000000a3e00000, 0x00000000a3e00000|100%| E|CS|TAMS 0x00000000a3d00000, 0x00000000a3d00000| Complete 
|  62|0x00000000a3e00000, 0x00000000a3f00000, 0x00000000a3f00000|100%| E|CS|TAMS 0x00000000a3e00000, 0x00000000a3e00000| Complete 
| 111|0x00000000a6f00000, 0x00000000a7000000, 0x00000000a7000000|100%| E|CS|TAMS 0x00000000a6f00000, 0x00000000a6f00000| Complete 

Card table byte_map: [0x000001e4b8ea0000,0x000001e4b91a0000] _byte_map_base: 0x000001e4b89a0000

Marking Bits (Prev, Next): (CMBitMap*) 0x000001e49fb7a140, (CMBitMap*) 0x000001e49fb7a180
 Prev Bits: [0x000001e4b94a0000, 0x000001e4baca0000)
 Next Bits: [0x000001e4baca0000, 0x000001e4bc4a0000)

Polling page: 0x000001e49f9a0000

Metaspace:

Usage:
  Non-class:     32.28 MB capacity,    31.78 MB ( 98%) used,   470.52 KB (  1%) free+waste,    38.75 KB ( <1%) overhead. 
      Class:      4.86 MB capacity,     4.69 MB ( 96%) used,   159.89 KB (  3%) free+waste,    15.44 KB ( <1%) overhead. 
       Both:     37.14 MB capacity,    36.47 MB ( 98%) used,   630.41 KB (  2%) free+waste,    54.19 KB ( <1%) overhead. 

Virtual space:
  Non-class space:       34.00 MB reserved,      32.50 MB ( 96%) committed 
      Class space:        1.00 GB reserved,       4.88 MB ( <1%) committed 
             Both:        1.03 GB reserved,      37.38 MB (  4%) committed 

Chunk freelists:
   Non-Class:  37.00 KB
       Class:  14.00 KB
        Both:  51.00 KB

MaxMetaspaceSize: 17179869184.00 GB
CompressedClassSpaceSize: 1.00 GB

CodeHeap 'non-profiled nmethods': size=120000Kb used=970Kb max_used=970Kb free=119029Kb
 bounds [0x000001e4b1050000, 0x000001e4b12c0000, 0x000001e4b8580000]
CodeHeap 'profiled nmethods': size=120000Kb used=4065Kb max_used=4065Kb free=115934Kb
 bounds [0x000001e4a9b20000, 0x000001e4a9f20000, 0x000001e4b1050000]
CodeHeap 'non-nmethods': size=5760Kb used=1321Kb max_used=1367Kb free=4438Kb
 bounds [0x000001e4a9580000, 0x000001e4a97f0000, 0x000001e4a9b20000]
 total_blobs=2801 nmethods=2214 adapters=500
 compilation: enabled
              stopped_count=0, restarted_count=0
 full_count=0

Compilation events (20 events):
Event: 5.074 Thread 0x000001e4bea7a6f0 2126       3       sun.invoke.util.Wrapper::stackSlots (9 bytes)
Event: 5.074 Thread 0x000001e4bea7a6f0 nmethod 2126 0x000001e4a9ee6e90 code [0x000001e4a9ee7020, 0x000001e4a9ee7118]
Event: 5.075 Thread 0x000001e4bea7a6f0 2130       3       java.lang.invoke.LambdaForm$Name::<init> (44 bytes)
Event: 5.076 Thread 0x000001e4bea7a6f0 nmethod 2130 0x000001e4a9ee7190 code [0x000001e4a9ee73a0, 0x000001e4a9ee7948]
Event: 5.076 Thread 0x000001e4bea7a6f0 2132       3       java.lang.invoke.LambdaForm$Name::useCount (42 bytes)
Event: 5.077 Thread 0x000001e4bea7a6f0 nmethod 2132 0x000001e4a9ee7c10 code [0x000001e4a9ee7dc0, 0x000001e4a9ee80b8]
Event: 5.079 Thread 0x000001e4bea7a6f0 2135       3       java.lang.invoke.InvokerBytecodeGenerator::emitPushArgument (129 bytes)
Event: 5.080 Thread 0x000001e4bea7a6f0 nmethod 2135 0x000001e4a9ee8210 code [0x000001e4a9ee8520, 0x000001e4a9ee94d8]
Event: 5.080 Thread 0x000001e4bea7a6f0 2137       3       java.lang.invoke.LambdaForm$Name::lastUseIndex (36 bytes)
Event: 5.081 Thread 0x000001e4bea7a6f0 nmethod 2137 0x000001e4a9ee9a10 code [0x000001e4a9ee9bc0, 0x000001e4a9ee9e58]
Event: 5.081 Thread 0x000001e4bea7a6f0 2136       3       java.lang.invoke.InvokerBytecodeGenerator::loadInsnOpcode (87 bytes)
Event: 5.082 Thread 0x000001e4bea7a6f0 nmethod 2136 0x000001e4a9ee9f90 code [0x000001e4a9eea1e0, 0x000001e4a9eeab38]
Event: 5.096 Thread 0x000001e4c0d823f0 nmethod 2089 0x000001e4b112f610 code [0x000001e4b112f880, 0x000001e4b1131680]
Event: 5.097 Thread 0x000001e4c0d823f0 2081       4       jdk.internal.org.objectweb.asm.MethodVisitor::visitLdcInsn (87 bytes)
Event: 5.109 Thread 0x000001e4c0d823f0 nmethod 2081 0x000001e4b1132690 code [0x000001e4b1132860, 0x000001e4b1132d70]
Event: 5.113 Thread 0x000001e4bea7a6f0 2139       1       scala.collection.convert.Wrappers$JIteratorWrapper::underlying (5 bytes)
Event: 5.113 Thread 0x000001e4bea7a6f0 nmethod 2139 0x000001e4b1133310 code [0x000001e4b11334a0, 0x000001e4b1133558]
Event: 5.115 Thread 0x000001e4c0d823f0 2140       4       java.util.HashMap::resize (356 bytes)
Event: 5.150 Thread 0x000001e4c0d823f0 nmethod 2140 0x000001e4b1133b10 code [0x000001e4b1133ce0, 0x000001e4b11348b8]
Event: 5.150 Thread 0x000001e4c0d823f0 2142   !   4       java.net.URL::<init> (543 bytes)

GC Heap History (16 events):
Event: 0.825 GC heap before
{Heap before GC invocations=0 (full 0):
 garbage-first heap   total 114688K, used 12288K [0x00000000a0000000, 0x0000000100000000)
  region size 1024K, 13 young (13312K), 0 survivors (0K)
 Metaspace       used 2955K, capacity 6498K, committed 6656K, reserved 1056768K
  class space    used 442K, capacity 754K, committed 768K, reserved 1048576K
}
Event: 0.834 GC heap after
{Heap after GC invocations=1 (full 0):
 garbage-first heap   total 114688K, used 2965K [0x00000000a0000000, 0x0000000100000000)
  region size 1024K, 2 young (2048K), 2 survivors (2048K)
 Metaspace       used 2955K, capacity 6498K, committed 6656K, reserved 1056768K
  class space    used 442K, capacity 754K, committed 768K, reserved 1048576K
}
Event: 1.285 GC heap before
{Heap before GC invocations=1 (full 0):
 garbage-first heap   total 114688K, used 17301K [0x00000000a0000000, 0x0000000100000000)
  region size 1024K, 17 young (17408K), 2 survivors (2048K)
 Metaspace       used 5557K, capacity 8708K, committed 8960K, reserved 1056768K
  class space    used 642K, capacity 940K, committed 1024K, reserved 1048576K
}
Event: 1.291 GC heap after
{Heap after GC invocations=2 (full 0):
 garbage-first heap   total 114688K, used 3432K [0x00000000a0000000, 0x0000000100000000)
  region size 1024K, 2 young (2048K), 2 survivors (2048K)
 Metaspace       used 5557K, capacity 8708K, committed 8960K, reserved 1056768K
  class space    used 642K, capacity 940K, committed 1024K, reserved 1048576K
}
Event: 3.183 GC heap before
{Heap before GC invocations=2 (full 0):
 garbage-first heap   total 114688K, used 49512K [0x00000000a0000000, 0x0000000100000000)
  region size 1024K, 49 young (50176K), 2 survivors (2048K)
 Metaspace       used 19172K, capacity 21100K, committed 21248K, reserved 1069056K
  class space    used 2301K, capacity 2547K, committed 2560K, reserved 1048576K
}
Event: 3.200 GC heap after
{Heap after GC invocations=3 (full 0):
 garbage-first heap   total 114688K, used 7607K [0x00000000a0000000, 0x0000000100000000)
  region size 1024K, 6 young (6144K), 6 survivors (6144K)
 Metaspace       used 19172K, capacity 21100K, committed 21248K, reserved 1069056K
  class space    used 2301K, capacity 2547K, committed 2560K, reserved 1048576K
}
Event: 3.611 GC heap before
{Heap before GC invocations=4 (full 0):
 garbage-first heap   total 30720K, used 18871K [0x00000000a0000000, 0x0000000100000000)
  region size 1024K, 18 young (18432K), 6 survivors (6144K)
 Metaspace       used 21384K, capacity 23349K, committed 23680K, reserved 1071104K
  class space    used 2593K, capacity 2870K, committed 2944K, reserved 1048576K
}
Event: 3.627 GC heap after
{Heap after GC invocations=5 (full 0):
 garbage-first heap   total 30720K, used 8493K [0x00000000a0000000, 0x0000000100000000)
  region size 1024K, 2 young (2048K), 2 survivors (2048K)
 Metaspace       used 21384K, capacity 23349K, committed 23680K, reserved 1071104K
  class space    used 2593K, capacity 2870K, committed 2944K, reserved 1048576K
}
Event: 3.933 GC heap before
{Heap before GC invocations=5 (full 0):
 garbage-first heap   total 30720K, used 19757K [0x00000000a0000000, 0x0000000100000000)
  region size 1024K, 14 young (14336K), 2 survivors (2048K)
 Metaspace       used 24875K, capacity 26515K, committed 26752K, reserved 1073152K
  class space    used 3007K, capacity 3200K, committed 3200K, reserved 1048576K
}
Event: 3.937 GC heap after
{Heap after GC invocations=6 (full 0):
 garbage-first heap   total 36864K, used 8925K [0x00000000a0000000, 0x0000000100000000)
  region size 1024K, 2 young (2048K), 2 survivors (2048K)
 Metaspace       used 24875K, capacity 26515K, committed 26752K, reserved 1073152K
  class space    used 3007K, capacity 3200K, committed 3200K, reserved 1048576K
}
Event: 4.451 GC heap before
{Heap before GC invocations=6 (full 0):
 garbage-first heap   total 36864K, used 25309K [0x00000000a0000000, 0x0000000100000000)
  region size 1024K, 19 young (19456K), 2 survivors (2048K)
 Metaspace       used 29231K, capacity 30601K, committed 30720K, reserved 1077248K
  class space    used 3585K, capacity 3815K, committed 3840K, reserved 1048576K
}
Event: 4.458 GC heap after
{Heap after GC invocations=7 (full 0):
 garbage-first heap   total 36864K, used 9550K [0x00000000a0000000, 0x0000000100000000)
  region size 1024K, 3 young (3072K), 3 survivors (3072K)
 Metaspace       used 29231K, capacity 30601K, committed 30720K, reserved 1077248K
  class space    used 3585K, capacity 3815K, committed 3840K, reserved 1048576K
}
Event: 4.927 GC heap before
{Heap before GC invocations=7 (full 0):
 garbage-first heap   total 36864K, used 24910K [0x00000000a0000000, 0x0000000100000000)
  region size 1024K, 19 young (19456K), 3 survivors (3072K)
 Metaspace       used 33908K, capacity 34998K, committed 35200K, reserved 1079296K
  class space    used 4296K, capacity 4470K, committed 4480K, reserved 1048576K
}
Event: 4.935 GC heap after
{Heap after GC invocations=8 (full 0):
 garbage-first heap   total 36864K, used 11432K [0x00000000a0000000, 0x0000000100000000)
  region size 1024K, 3 young (3072K), 3 survivors (3072K)
 Metaspace       used 33908K, capacity 34998K, committed 35200K, reserved 1079296K
  class space    used 4296K, capacity 4470K, committed 4480K, reserved 1048576K
}
Event: 5.006 GC heap before
{Heap before GC invocations=8 (full 0):
 garbage-first heap   total 36864K, used 13480K [0x00000000a0000000, 0x0000000100000000)
  region size 1024K, 6 young (6144K), 3 survivors (3072K)
 Metaspace       used 34726K, capacity 35677K, committed 35840K, reserved 1081344K
  class space    used 4360K, capacity 4536K, committed 4608K, reserved 1048576K
}
Event: 5.013 GC heap after
{Heap after GC invocations=9 (full 0):
 garbage-first heap   total 36864K, used 12420K [0x00000000a0000000, 0x0000000100000000)
  region size 1024K, 2 young (2048K), 2 survivors (2048K)
 Metaspace       used 34726K, capacity 35677K, committed 35840K, reserved 1081344K
  class space    used 4360K, capacity 4536K, committed 4608K, reserved 1048576K
}

Deoptimization events (20 events):
Event: 4.379 Thread 0x000001e49fb414b0 Uncommon trap: trap_request=0xffffffde fr.pc=0x000001e4b1083428 relative=0x00000000000008c8
Event: 4.379 Thread 0x000001e49fb414b0 Uncommon trap: reason=class_check action=maybe_recompile pc=0x000001e4b1083428 method=java.util.HashMap.putVal(ILjava/lang/Object;Ljava/lang/Object;ZZ)Ljava/lang/Object; @ 253 c2
Event: 4.379 Thread 0x000001e49fb414b0 DEOPT PACKING pc=0x000001e4b1083428 sp=0x0000005cfb0fd210
Event: 4.379 Thread 0x000001e49fb414b0 DEOPT UNPACKING pc=0x000001e4a95ce12f sp=0x0000005cfb0fd1b0 mode 2
Event: 4.416 Thread 0x000001e4bf9afae0 DEOPT PACKING pc=0x000001e4a9cce5f1 sp=0x0000005cfc6fa290
Event: 4.416 Thread 0x000001e4bf9afae0 DEOPT UNPACKING pc=0x000001e4a95cdf3f sp=0x0000005cfc6f97a0 mode 0
Event: 4.810 Thread 0x000001e4bf9b0620 Uncommon trap: trap_request=0xffffff45 fr.pc=0x000001e4b107643c relative=0x00000000000000bc
Event: 4.810 Thread 0x000001e4bf9b0620 Uncommon trap: reason=unstable_if action=reinterpret pc=0x000001e4b107643c method=java.net.URI.match(CJJ)Z @ 45 c2
Event: 4.810 Thread 0x000001e4bf9b0620 DEOPT PACKING pc=0x000001e4b107643c sp=0x0000005cfc5fdeb0
Event: 4.810 Thread 0x000001e4bf9b0620 DEOPT UNPACKING pc=0x000001e4a95ce12f sp=0x0000005cfc5fde38 mode 2
Event: 4.861 Thread 0x000001e49fb414b0 DEOPT PACKING pc=0x000001e4a9cce5f1 sp=0x0000005cfb0fc2c0
Event: 4.861 Thread 0x000001e49fb414b0 DEOPT UNPACKING pc=0x000001e4a95cdf3f sp=0x0000005cfb0fb7d0 mode 0
Event: 4.936 Thread 0x000001e49fb414b0 Uncommon trap: trap_request=0xffffff45 fr.pc=0x000001e4b1123644 relative=0x0000000000000dc4
Event: 4.936 Thread 0x000001e49fb414b0 Uncommon trap: reason=unstable_if action=reinterpret pc=0x000001e4b1123644 method=java.util.concurrent.ConcurrentHashMap.get(Ljava/lang/Object;)Ljava/lang/Object; @ 152 c2
Event: 4.936 Thread 0x000001e49fb414b0 DEOPT PACKING pc=0x000001e4b1123644 sp=0x0000005cfb0fb5b0
Event: 4.936 Thread 0x000001e49fb414b0 DEOPT UNPACKING pc=0x000001e4a95ce12f sp=0x0000005cfb0fb4d0 mode 2
Event: 4.937 Thread 0x000001e49fb414b0 Uncommon trap: trap_request=0xffffff45 fr.pc=0x000001e4b108d32c relative=0x00000000000003ec
Event: 4.937 Thread 0x000001e49fb414b0 Uncommon trap: reason=unstable_if action=reinterpret pc=0x000001e4b108d32c method=java.util.concurrent.ConcurrentHashMap.get(Ljava/lang/Object;)Ljava/lang/Object; @ 152 c2
Event: 4.937 Thread 0x000001e49fb414b0 DEOPT PACKING pc=0x000001e4b108d32c sp=0x0000005cfb0fafb0
Event: 4.937 Thread 0x000001e49fb414b0 DEOPT UNPACKING pc=0x000001e4a95ce12f sp=0x0000005cfb0faf38 mode 2

Classes unloaded (0 events):
No events

Classes redefined (0 events):
No events

Internal exceptions (20 events):
Event: 3.757 Thread 0x000001e4c20857e0 Exception <a 'java/lang/UnsatisfiedLinkError'{0x00000000a3b99b40}: The specified procedure could not be found.
> (0x00000000a3b99b40) 
thrown [./open/src/hotspot/share/prims/jni.cpp, line 599]
Event: 3.758 Thread 0x000001e4c20857e0 Exception <a 'java/lang/UnsatisfiedLinkError'{0x00000000a3b9a810}: The specified procedure could not be found.
> (0x00000000a3b9a810) 
thrown [./open/src/hotspot/share/prims/jni.cpp, line 599]
Event: 3.758 Thread 0x000001e4c20857e0 Exception <a 'java/lang/UnsatisfiedLinkError'{0x00000000a3b9b5f0}: The specified procedure could not be found.
> (0x00000000a3b9b5f0) 
thrown [./open/src/hotspot/share/prims/jni.cpp, line 599]
Event: 3.799 Thread 0x000001e49fb414b0 Exception <a 'java/io/FileNotFoundException'{0x00000000a39d2538}> (0x00000000a39d2538) 
thrown [./open/src/hotspot/share/prims/jni.cpp, line 578]
Event: 3.835 Thread 0x000001e49fb414b0 Exception <a 'java/lang/NoSuchMethodError'{0x00000000a16d8770}: 'int java.lang.invoke.DirectMethodHandle$Holder.invokeStaticInit(java.lang.Object)'> (0x00000000a16d8770) 
thrown [./open/src/hotspot/share/interpreter/linkResolver.cpp, line 782]
Event: 3.880 Thread 0x000001e49fb414b0 Exception <a 'java/lang/NoSuchMethodError'{0x00000000a1592e10}: 'java.lang.Object java.lang.invoke.DirectMethodHandle$Holder.invokeStatic(java.lang.Object, int, java.lang.Object, java.lang.Object, java.lang.Object, java.lang.Object)'> (0x00000000a1592e10) 
thrown [./open/src/hotspot/share/interpreter/linkResolver.cpp, line 782]
Event: 3.882 Thread 0x000001e49fb414b0 Exception <a 'java/lang/NoSuchMethodError'{0x00000000a14cba40}: 'java.lang.Object java.lang.invoke.DirectMethodHandle$Holder.newInvokeSpecial(java.lang.Object, int, java.lang.Object, java.lang.Object, java.lang.Object, java.lang.Object)'> (0x00000000a14cba40) 
thrown [./open/src/hotspot/share/interpreter/linkResolver.cpp, line 782]
Event: 3.945 Thread 0x000001e4bf75ba40 Exception <a 'java/lang/NoSuchMethodError'{0x00000000a6f22210}: 'java.lang.Object java.lang.invoke.DirectMethodHandle$Holder.invokeStatic(java.lang.Object, int, java.lang.Object)'> (0x00000000a6f22210) 
thrown [./open/src/hotspot/share/interpreter/linkResolver.cpp, line 782]
Event: 3.951 Thread 0x000001e4bf75ba40 Exception <a 'java/lang/NoSuchMethodError'{0x00000000a6f2a688}: 'java.lang.Object java.lang.invoke.DirectMethodHandle$Holder.newInvokeSpecial(java.lang.Object, int, java.lang.Object)'> (0x00000000a6f2a688) 
thrown [./open/src/hotspot/share/interpreter/linkResolver.cpp, line 782]
Event: 4.067 Thread 0x000001e4bf75ba40 Exception <a 'java/lang/NoSuchMethodError'{0x00000000a3b4e340}: 'java.lang.Object java.lang.invoke.DirectMethodHandle$Holder.invokeStaticInit(java.lang.Object, java.lang.Object, java.lang.Object, java.lang.Object)'> (0x00000000a3b4e340) 
thrown [./open/src/hotspot/share/interpreter/linkResolver.cpp, line 782]
Event: 4.081 Thread 0x000001e4bf75ba40 Exception <a 'java/lang/NoSuchMethodError'{0x00000000a3bbfb48}: 'long java.lang.invoke.DirectMethodHandle$Holder.invokeStatic(java.lang.Object, java.lang.Object)'> (0x00000000a3bbfb48) 
thrown [./open/src/hotspot/share/interpreter/linkResolver.cpp, line 782]
Event: 4.277 Thread 0x000001e49fb414b0 Exception <a 'java/lang/NoSuchMethodError'{0x00000000a1a31cd0}: 'void java.lang.invoke.DirectMethodHandle$Holder.invokeStatic(java.lang.Object, java.lang.Object, java.lang.Object)'> (0x00000000a1a31cd0) 
thrown [./open/src/hotspot/share/interpreter/linkResolver.cpp, line 782]
Event: 4.465 Thread 0x000001e4bf9b0620 Exception <a 'java/lang/NoSuchMethodError'{0x00000000a6f4b668}: 'void java.lang.invoke.DirectMethodHandle$Holder.invokeStaticInit(java.lang.Object)'> (0x00000000a6f4b668) 
thrown [./open/src/hotspot/share/interpreter/linkResolver.cpp, line 782]
Event: 4.677 Thread 0x000001e4bf9b0620 Exception <a 'java/lang/NoSuchMethodError'{0x00000000a39f66f8}: 'java.lang.Object java.lang.invoke.DirectMethodHandle$Holder.newInvokeSpecial(java.lang.Object, java.lang.Object, int, int, int, int)'> (0x00000000a39f66f8) 
thrown [./open/src/hotspot/share/interpreter/linkResolver.cpp, line 782]
Event: 4.691 Thread 0x000001e49fb414b0 Exception <a 'java/lang/NoSuchMethodError'{0x00000000a1c3d620}: 'java.lang.Object java.lang.invoke.DirectMethodHandle$Holder.newInvokeSpecial(java.lang.Object, java.lang.Object, java.lang.Object, java.lang.Object, int, java.lang.Object, java.lang.Object, java.lang.Object)'> (0x00000000a1c3d620) 
thrown [./open/src/hotspot/share/interpreter/linkResolver.cpp, line 782]
Event: 4.712 Thread 0x000001e4bf9b0620 Exception <a 'java/lang/NoSuchMethodError'{0x00000000a1b05dd0}: 'java.lang.Object java.lang.invoke.DirectMethodHandle$Holder.invokeStaticInit(java.lang.Object, java.lang.Object, int, int, java.lang.Object)'> (0x00000000a1b05dd0) 
thrown [./open/src/hotspot/share/interpreter/linkResolver.cpp, line 782]
Event: 4.714 Thread 0x000001e4bf9b0620 Exception <a 'java/lang/NoSuchMethodError'{0x00000000a1b0ed90}: 'java.lang.Object java.lang.invoke.DirectMethodHandle$Holder.newInvokeSpecial(java.lang.Object, java.lang.Object, int, int)'> (0x00000000a1b0ed90) 
thrown [./open/src/hotspot/share/interpreter/linkResolver.cpp, line 782]
Event: 4.938 Thread 0x000001e49fb414b0 Exception <a 'java/lang/NoSuchMethodError'{0x00000000a6f1c6d8}: 'java.lang.Object java.lang.invoke.DirectMethodHandle$Holder.invokeInterface(java.lang.Object, java.lang.Object)'> (0x00000000a6f1c6d8) 
thrown [./open/src/hotspot/share/interpreter/linkResolver.cpp, line 782]
Event: 4.944 Thread 0x000001e49fb414b0 Exception <a 'java/lang/NoSuchMethodError'{0x00000000a6f2bbe8}: 'void java.lang.invoke.DirectMethodHandle$Holder.invokeStatic(java.lang.Object, java.lang.Object, java.lang.Object, java.lang.Object, java.lang.Object, java.lang.Object)'> (0x00000000a6f2bbe8) 
thrown [./open/src/hotspot/share/interpreter/linkResolver.cpp, line 782]
Event: 5.086 Thread 0x000001e49fb414b0 Exception <a 'java/lang/NoSuchMethodError'{0x00000000a3e22b88}: 'int java.lang.invoke.DirectMethodHandle$Holder.invokeSpecial(java.lang.Object, java.lang.Object, java.lang.Object)'> (0x00000000a3e22b88) 
thrown [./open/src/hotspot/share/interpreter/linkResolver.cpp, line 782]

Events (20 events):
Event: 5.074 loading class java/lang/invoke/BoundMethodHandle$Species_LLLLLL done
Event: 5.077 loading class java/lang/invoke/BoundMethodHandle$Species_LLLLLLL
Event: 5.077 loading class java/lang/invoke/BoundMethodHandle$Species_LLLLLLL done
Event: 5.079 loading class javax/management/ObjectName
Event: 5.080 loading class javax/management/QueryExp
Event: 5.080 loading class javax/management/QueryExp done
Event: 5.082 loading class javax/management/ObjectName done
Event: 5.083 loading class com/sun/jmx/mbeanserver/GetPropertyAction
Event: 5.083 loading class com/sun/jmx/mbeanserver/GetPropertyAction done
Event: 5.083 loading class javax/management/ObjectName$Property
Event: 5.083 loading class javax/management/ObjectName$Property done
Event: 5.083 loading class com/sun/jmx/mbeanserver/Util
Event: 5.083 loading class com/sun/jmx/mbeanserver/Util done
Event: 5.084 loading class java/util/ComparableTimSort
Event: 5.085 loading class java/util/ComparableTimSort done
Event: 5.112 loading class java/lang/management/MemoryUsage
Event: 5.113 loading class java/lang/management/MemoryUsage done
Event: 5.118 Thread 0x000001e4c0a90760 Thread added: 0x000001e4c0a90760
Event: 5.136 loading class java/nio/file/NoSuchFileException
Event: 5.136 loading class java/nio/file/NoSuchFileException done


Dynamic libraries:
0x00007ff677500000 - 0x00007ff67750f000 	C:\Program Files\Java\jdk-15.0.2\bin\java.exe
0x00007ffc51bd0000 - 0x00007ffc51dc5000 	C:\Windows\SYSTEM32\ntdll.dll
0x00007ffc51090000 - 0x00007ffc5114d000 	C:\Windows\System32\KERNEL32.DLL
0x00007ffc4f3f0000 - 0x00007ffc4f6b8000 	C:\Windows\System32\KERNELBASE.dll
0x00007ffc4f8a0000 - 0x00007ffc4f9a0000 	C:\Windows\System32\ucrtbase.dll
0x00007ffc2f790000 - 0x00007ffc2f7a8000 	C:\Program Files\Java\jdk-15.0.2\bin\jli.dll
0x00007ffc514b0000 - 0x00007ffc5155c000 	C:\Windows\System32\ADVAPI32.dll
0x00007ffc51af0000 - 0x00007ffc51b8e000 	C:\Windows\System32\msvcrt.dll
0x00007ffc4fdb0000 - 0x00007ffc4fe4b000 	C:\Windows\System32\sechost.dll
0x00007ffc4fc80000 - 0x00007ffc4fdab000 	C:\Windows\System32\RPCRT4.dll
0x00007ffc2f6d0000 - 0x00007ffc2f6e9000 	C:\Program Files\Java\jdk-15.0.2\bin\VCRUNTIME140.dll
0x00007ffc500f0000 - 0x00007ffc50290000 	C:\Windows\System32\USER32.dll
0x00007ffc4f870000 - 0x00007ffc4f892000 	C:\Windows\System32\win32u.dll
0x00007ffc4fc40000 - 0x00007ffc4fc6a000 	C:\Windows\System32\GDI32.dll
0x00007ffc4f9a0000 - 0x00007ffc4faab000 	C:\Windows\System32\gdi32full.dll
0x00007ffc4fb40000 - 0x00007ffc4fbdd000 	C:\Windows\System32\msvcp_win.dll
0x00007ffc3cae0000 - 0x00007ffc3cd7a000 	C:\Windows\WinSxS\amd64_microsoft.windows.common-controls_6595b64144ccf1df_6.0.19041.1052_none_60b8f8fd71f5e8cb\COMCTL32.dll
0x00007ffc46580000 - 0x00007ffc4658a000 	C:\Windows\SYSTEM32\VERSION.dll
0x00007ffc51480000 - 0x00007ffc514b0000 	C:\Windows\System32\IMM32.DLL
0x00007ffc40370000 - 0x00007ffc4037c000 	C:\Program Files\Java\jdk-15.0.2\bin\vcruntime140_1.dll
0x00007ffc2ece0000 - 0x00007ffc2ed71000 	C:\Program Files\Java\jdk-15.0.2\bin\msvcp140.dll
0x00007ffc1fab0000 - 0x00007ffc2060e000 	C:\Program Files\Java\jdk-15.0.2\bin\server\jvm.dll
0x00007ffc4fc70000 - 0x00007ffc4fc78000 	C:\Windows\System32\PSAPI.DLL
0x00007ffc46550000 - 0x00007ffc46577000 	C:\Windows\SYSTEM32\WINMM.dll
0x00007ffc4b0a0000 - 0x00007ffc4b0a9000 	C:\Windows\SYSTEM32\WSOCK32.dll
0x00007ffc51020000 - 0x00007ffc5108b000 	C:\Windows\System32\WS2_32.dll
0x00007ffc4d260000 - 0x00007ffc4d272000 	C:\Windows\SYSTEM32\kernel.appcore.dll
0x00007ffc3a870000 - 0x00007ffc3a87a000 	C:\Program Files\Java\jdk-15.0.2\bin\jimage.dll
0x00007ffc3daa0000 - 0x00007ffc3dc84000 	C:\Windows\SYSTEM32\DBGHELP.DLL
0x00007ffc3da70000 - 0x00007ffc3da9c000 	C:\Windows\SYSTEM32\dbgcore.DLL
0x00007ffc4fab0000 - 0x00007ffc4fb33000 	C:\Windows\System32\bcryptPrimitives.dll
0x00007ffc2ecb0000 - 0x00007ffc2ecd5000 	C:\Program Files\Java\jdk-15.0.2\bin\java.dll
0x00007ffc50290000 - 0x00007ffc509cf000 	C:\Windows\System32\SHELL32.dll
0x00007ffc4d460000 - 0x00007ffc4dbf0000 	C:\Windows\SYSTEM32\windows.storage.dll
0x00007ffc509d0000 - 0x00007ffc50d25000 	C:\Windows\System32\combase.dll
0x00007ffc4ed10000 - 0x00007ffc4ed3c000 	C:\Windows\SYSTEM32\Wldp.dll
0x00007ffc51a30000 - 0x00007ffc51ade000 	C:\Windows\System32\SHCORE.dll
0x00007ffc50fc0000 - 0x00007ffc51015000 	C:\Windows\System32\shlwapi.dll
0x00007ffc4f250000 - 0x00007ffc4f26f000 	C:\Windows\SYSTEM32\profapi.dll
0x00007ffc2f6b0000 - 0x00007ffc2f6c9000 	C:\Program Files\Java\jdk-15.0.2\bin\net.dll
0x00007ffc400f0000 - 0x00007ffc401fb000 	C:\Windows\SYSTEM32\WINHTTP.dll
0x00007ffc4ea80000 - 0x00007ffc4eaea000 	C:\Windows\system32\mswsock.dll
0x00007ffc2bda0000 - 0x00007ffc2bdb2000 	C:\Program Files\Java\jdk-15.0.2\bin\nio.dll
0x00007ffc2add0000 - 0x00007ffc2ade8000 	C:\Program Files\Java\jdk-15.0.2\bin\zip.dll
0x00007ffc2f810000 - 0x00007ffc2f820000 	C:\Program Files\Java\jdk-15.0.2\bin\verify.dll
0x00007ffc4a600000 - 0x00007ffc4a60a000 	C:\Users\Hossein\AppData\Local\Temp\jansi-1.18-93fa3188adb8407f81dad04d08abc8192e4e380d.dll
0x00007ffc4ec50000 - 0x00007ffc4ec68000 	C:\Windows\SYSTEM32\CRYPTSP.dll
0x00007ffc4e3c0000 - 0x00007ffc4e3f4000 	C:\Windows\system32\rsaenh.dll
0x00007ffc4f310000 - 0x00007ffc4f337000 	C:\Windows\System32\bcrypt.dll
0x00007ffc4f1d0000 - 0x00007ffc4f1fe000 	C:\Windows\SYSTEM32\USERENV.dll
0x00007ffc4ec70000 - 0x00007ffc4ec7c000 	C:\Windows\SYSTEM32\CRYPTBASE.dll
0x00007ffc4e710000 - 0x00007ffc4e74b000 	C:\Windows\SYSTEM32\IPHLPAPI.DLL
0x00007ffc51ae0000 - 0x00007ffc51ae8000 	C:\Windows\System32\NSI.dll
0x00007ffc46850000 - 0x00007ffc46867000 	C:\Windows\SYSTEM32\dhcpcsvc6.DLL
0x00007ffc463d0000 - 0x00007ffc463ed000 	C:\Windows\SYSTEM32\dhcpcsvc.DLL
0x00007ffc4e750000 - 0x00007ffc4e81c000 	C:\Windows\SYSTEM32\DNSAPI.dll
0x00007ffc3e940000 - 0x00007ffc3e981000 	C:\Users\Hossein\AppData\Local\Temp\jna--1531644637\jna8249994062674864554.dll
0x00007ffc2de70000 - 0x00007ffc2de79000 	C:\Program Files\Java\jdk-15.0.2\bin\management.dll
0x00007ffc2cdf0000 - 0x00007ffc2cdfb000 	C:\Program Files\Java\jdk-15.0.2\bin\management_ext.dll

dbghelp: loaded successfully - version: 4.0.5 - missing functions: none
symbol engine: initialized successfully - sym options: 0x614 - pdb path: .;C:\Program Files\Java\jdk-15.0.2\bin;C:\Windows\SYSTEM32;C:\Windows\WinSxS\amd64_microsoft.windows.common-controls_6595b64144ccf1df_6.0.19041.1052_none_60b8f8fd71f5e8cb;C:\Program Files\Java\jdk-15.0.2\bin\server;C:\Users\Hossein\AppData\Local\Temp;C:\Users\Hossein\AppData\Local\Temp\jna--1531644637

VM Arguments:
jvm_args: -Xmx1536M -Dsbt.supershell=false -Didea.managed=true -Dfile.encoding=UTF-8 -Dsbt.log.noformat=true 
java_command: C:\Users\Hossein\AppData\Roaming\JetBrains\IntelliJIdea2020.3\plugins\Scala\launcher\sbt-launch.jar early(addPluginSbtFile="""C:\Users\Hossein\AppData\Local\Temp\idea3.sbt""") ; set ideaPort in Global := 1188 ; idea-shell
java_class_path (initial): C:\Users\Hossein\AppData\Roaming\JetBrains\IntelliJIdea2020.3\plugins\Scala\launcher\sbt-launch.jar
Launcher Type: SUN_STANDARD

[Global flags]
     intx CICompilerCount                          = 3                                         {product} {ergonomic}
     uint ConcGCThreads                            = 1                                         {product} {ergonomic}
     uint G1ConcRefinementThreads                  = 4                                         {product} {ergonomic}
   size_t G1HeapRegionSize                         = 1048576                                   {product} {ergonomic}
    uintx GCDrainStackTargetSize                   = 64                                        {product} {ergonomic}
   size_t InitialHeapSize                          = 117440512                                 {product} {ergonomic}
   size_t MarkStackSize                            = 4194304                                   {product} {ergonomic}
   size_t MaxHeapSize                              = 1610612736                                {product} {command line}
   size_t MaxNewSize                               = 965738496                                 {product} {ergonomic}
   size_t MinHeapDeltaBytes                        = 1048576                                   {product} {ergonomic}
   size_t MinHeapSize                              = 8388608                                   {product} {ergonomic}
    uintx NonNMethodCodeHeapSize                   = 5832780                                {pd product} {ergonomic}
    uintx NonProfiledCodeHeapSize                  = 122912730                              {pd product} {ergonomic}
    uintx ProfiledCodeHeapSize                     = 122912730                              {pd product} {ergonomic}
    uintx ReservedCodeCacheSize                    = 251658240                              {pd product} {ergonomic}
     bool SegmentedCodeCache                       = true                                      {product} {ergonomic}
   size_t SoftMaxHeapSize                          = 1610612736                             {manageable} {ergonomic}
     bool UseCompressedClassPointers               = true                                 {lp64_product} {ergonomic}
     bool UseCompressedOops                        = true                                 {lp64_product} {ergonomic}
     bool UseG1GC                                  = true                                      {product} {ergonomic}
     bool UseLargePagesIndividualAllocation        = false                                  {pd product} {ergonomic}

Logging:
Log output configuration:
 #0: stdout all=warning uptime,level,tags
 #1: stderr all=off uptime,level,tags

Environment Variables:
PATH=C:\Program Files\Common Files\Oracle\Java\javapath;C:\Windows\system32;C:\Windows;C:\Windows\System32\Wbem;C:\Windows\System32\WindowsPowerShell\v1.0\;C:\Windows\System32\OpenSSH\;C:\Program Files (x86)\sbt\bin;C:\Users\Hossein\AppData\Local\Programs\Python\Python39\Scripts\;C:\Users\Hossein\AppData\Local\Programs\Python\Python39\;C:\Users\Hossein\AppData\Local\Microsoft\WindowsApps;;C:\Program Files\JetBrains\IntelliJ IDEA 2020.3.2\bin;
USERNAME=Hossein
OS=Windows_NT
PROCESSOR_IDENTIFIER=AMD64 Family 21 Model 101 Stepping 1, AuthenticAMD



---------------  S Y S T E M  ---------------

OS:
 Windows 10 , 64 bit Build 19041 (10.0.19041.1023)
OS uptime: 0 days 0:24 hours

CPU: total 4 (initial active 4) (4 cores per cpu, 1 threads per core) family 21 model 101 stepping 1 microcode 0x0, cmov, cx8, fxsr, mmx, sse, sse2, sse3, ssse3, sse4.1, sse4.2, popcnt, vzeroupper, avx, avx2, aes, clmul, 3dnowpref, lzcnt, sse4a, tsc, tscinvbit, tscinv, bmi1, bmi2, fma, clflush

Memory: 4k page, system-wide physical 7117M (2667M free)
TotalPageFile size 8589M (AvailPageFile size 3564M)
current process WorkingSet (physical memory assigned to process): 168M, peak: 171M
current process commit charge ("private bytes"): 205M, peak: 225M

vm_info: Java HotSpot(TM) 64-Bit Server VM (15.0.2+7-27) for windows-amd64 JRE (15.0.2+7-27), built on Dec  7 2020 20:07:01 by "mach5one" with unknown MS VC++:1925

END.
