[debug] > Exec(early(addDefaultCommands), None, None)
[debug] > Exec(addDefaultCommands, None, None)
[debug] > Exec(early(initialize), None, None)
[debug] > Exec(initialize, None, None)
[debug] > Exec(early(addPluginSbtFile="""C:\Users\Hossein\AppData\Local\Temp\idea1.sbt"""), None, None)
[debug] > Exec(addPluginSbtFile="""C:\Users\Hossein\AppData\Local\Temp\idea1.sbt""", None, None)
[debug] > Exec(boot, None, None)
[debug] > Exec(writeSbtVersion, None, None)
[debug] > Exec(reload, None, None)
[debug] > Exec(sbtStashOnFailure, None, None)
[debug] > Exec(onFailure loadFailed, None, None)
[debug] > Exec(loadp, None, None)
[info] welcome to sbt 1.4.3 (Oracle Corporation Java 15.0.2)
[debug]       Load.loadUnit: plugins took 3638.415101ms
[debug]       Load.loadUnit: defsScala took 0.73ms
[debug] [Loading] Scanning directory C:\Users\Hossein\.sbt\1.0\plugins
[debug] [Loading] Found non-root projects 
[debug] [Loading] Done in C:\Users\Hossein\.sbt\1.0\plugins, returning: ()
[debug] deducing auto plugins based on known facts Set(Atom(sbt.plugins.CorePlugin)) and clauses Clauses(List(Clause(Atom(sbt.plugins.JvmPlugin),Set(Atom(sbt.plugins.IvyPlugin))), Clause(Atom(sbt.ScriptedPlugin),Set(Atom(sbt.plugins.JvmPlugin))), Clause(Atom(sbt.plugins.SbtPlugin),Set(Atom(sbt.ScriptedPlugin))), Clause(Atom(sbt.plugins.SemanticdbPlugin),Set(Atom(sbt.plugins.JvmPlugin))), Clause(Atom(sbt.plugins.JUnitXmlReportPlugin),Set(Atom(sbt.plugins.JvmPlugin))), Clause(Atom(sbt.plugins.MiniDependencyTreePlugin),Set(Atom(sbt.plugins.JvmPlugin))), Clause(Atom(sbt.plugins.CorePlugin),Set(Atom(sbt.plugins.IvyPlugin))), Clause(Atom(sbt.plugins.IvyPlugin),Set(Atom(sbt.plugins.JvmPlugin))), Clause(Atom(sbt.plugins.JvmPlugin),Set(Atom(sbt.plugins.SemanticdbPlugin))), Clause(Atom(sbt.plugins.JvmPlugin),Set(Atom(sbt.plugins.JUnitXmlReportPlugin))), Clause(Atom(sbt.plugins.CorePlugin),Set(Atom(sbt.plugins.Giter8TemplatePlugin))), Clause(Atom(sbt.plugins.JvmPlugin),Set(Atom(sbt.plugins.MiniDependencyTreePlugin)))))
[debug]   :: deduced result: Matched(sbt.plugins.CorePlugin,sbt.plugins.Giter8TemplatePlugin,sbt.plugins.IvyPlugin,sbt.plugins.JvmPlugin,sbt.plugins.MiniDependencyTreePlugin,sbt.plugins.JUnitXmlReportPlugin,sbt.plugins.SemanticdbPlugin)
[debug] Plugins.deducer#function took 905.417801 ms
[debug]           Load.resolveProject(global-plugins) took 2130.1679ms
[debug]         Load.loadTransitive: finalizeProject(Project(id global-plugins, base: C:\Users\Hossein\.sbt\1.0\plugins, plugins: List(<none>))) took 4392.6806ms
[debug] [Loading] Done in C:\Users\Hossein\.sbt\1.0\plugins, returning: (global-plugins)
[debug]       Load.loadUnit: loadedProjectsRaw took 4561.415899ms
[debug]       Load.loadUnit: cleanEvalClasses took 1.370799ms
[debug]     Load.loadUnit(file:/C:/Users/Hossein/.sbt/1.0/plugins/, ...) took 8977.567901ms
[debug]   Load.apply: load took 17847.0055ms
[debug]   Load.apply: resolveProjects took 58.561ms
[debug]   Load.apply: finalTransforms took 1657.410899ms
[debug]   Load.apply: config.delegates took 864.022101ms
[debug]   Load.apply: Def.make(settings)... took 62993.1014ms
[debug]   Load.apply: structureIndex took 2534.3515ms
[debug]   Load.apply: mkStreams took 3.528ms
[info] loading global plugins from C:\Users\Hossein\.sbt\1.0\plugins
[debug] Running task... Cancel: Signal, check cycles: false, forcegc: true
[debug] Load.defaultLoad until apply took 142848.9061ms
[debug]           Load.loadUnit: plugins took 2151.602799ms
[debug]           Load.loadUnit: defsScala took 0.021299ms
[debug] [Loading] Scanning directory C:\Users\Hossein\Desktop\Huffman\project
[debug]             Load.loadUnit: mkEval took 38.304799ms
