[debug] > Exec(early(addDefaultCommands), None, None)
[debug] > Exec(addDefaultCommands, None, None)
[debug] > Exec(early(initialize), None, None)
[debug] > Exec(initialize, None, None)
[debug] > Exec(boot, None, None)
[debug] > Exec(writeSbtVersion, None, None)
[debug] > Exec(reload, None, None)
[debug] > Exec(sbtStashOnFailure, None, None)
[debug] > Exec(onFailure loadFailed, None, None)
[debug] > Exec(loadp, None, None)
[info] welcome to sbt 1.4.3 (Oracle Corporation Java 15.0.2)
[debug]       Load.loadUnit: plugins took 226.2297ms
[debug]       Load.loadUnit: defsScala took 0.6022ms
[debug] [Loading] Scanning directory C:\Users\Hossein\.sbt\1.0\plugins
[debug] [Loading] Found non-root projects 
[debug] [Loading] Done in C:\Users\Hossein\.sbt\1.0\plugins, returning: ()
[debug] deducing auto plugins based on known facts Set(Atom(sbt.plugins.CorePlugin)) and clauses Clauses(List(Clause(Atom(sbt.plugins.JvmPlugin),Set(Atom(sbt.plugins.IvyPlugin))), Clause(Atom(sbt.ScriptedPlugin),Set(Atom(sbt.plugins.JvmPlugin))), Clause(Atom(sbt.plugins.SbtPlugin),Set(Atom(sbt.ScriptedPlugin))), Clause(Atom(sbt.plugins.SemanticdbPlugin),Set(Atom(sbt.plugins.JvmPlugin))), Clause(Atom(sbt.plugins.JUnitXmlReportPlugin),Set(Atom(sbt.plugins.JvmPlugin))), Clause(Atom(sbt.plugins.MiniDependencyTreePlugin),Set(Atom(sbt.plugins.JvmPlugin))), Clause(Atom(sbt.plugins.CorePlugin),Set(Atom(sbt.plugins.IvyPlugin))), Clause(Atom(sbt.plugins.IvyPlugin),Set(Atom(sbt.plugins.JvmPlugin))), Clause(Atom(sbt.plugins.JvmPlugin),Set(Atom(sbt.plugins.SemanticdbPlugin))), Clause(Atom(sbt.plugins.JvmPlugin),Set(Atom(sbt.plugins.JUnitXmlReportPlugin))), Clause(Atom(sbt.plugins.CorePlugin),Set(Atom(sbt.plugins.Giter8TemplatePlugin))), Clause(Atom(sbt.plugins.JvmPlugin),Set(Atom(sbt.plugins.MiniDependencyTreePlugin)))))
[debug]   :: deduced result: Matched(sbt.plugins.CorePlugin,sbt.plugins.Giter8TemplatePlugin,sbt.plugins.IvyPlugin,sbt.plugins.JvmPlugin,sbt.plugins.MiniDependencyTreePlugin,sbt.plugins.JUnitXmlReportPlugin,sbt.plugins.SemanticdbPlugin)
[debug] Plugins.deducer#function took 57.8006 ms
[debug]           Load.resolveProject(global-plugins) took 115.9916ms
[debug]         Load.loadTransitive: finalizeProject(Project(id global-plugins, base: C:\Users\Hossein\.sbt\1.0\plugins, plugins: List(<none>))) took 234.9672ms
[debug] [Loading] Done in C:\Users\Hossein\.sbt\1.0\plugins, returning: (global-plugins)
[debug]       Load.loadUnit: loadedProjectsRaw took 294.6005ms
[debug]       Load.loadUnit: cleanEvalClasses took 0.5177ms
[debug]     Load.loadUnit(file:/C:/Users/Hossein/.sbt/1.0/plugins/, ...) took 545.9065ms
[debug]   Load.apply: load took 1003.4323ms
[debug]   Load.apply: resolveProjects took 15.3347ms
[debug]   Load.apply: finalTransforms took 158.8908ms
[debug]   Load.apply: config.delegates took 22.5489ms
[debug]   Load.apply: Def.make(settings)... took 4547.8664ms
[debug]   Load.apply: structureIndex took 289.9922ms
[debug]   Load.apply: mkStreams took 3.2578ms
[info] loading global plugins from C:\Users\Hossein\.sbt\1.0\plugins
[debug] Running task... Cancel: Signal, check cycles: false, forcegc: true
[debug] Load.defaultLoad until apply took 12773.4002ms
[debug]           Load.loadUnit: plugins took 76.7897ms
[debug]           Load.loadUnit: defsScala took 0.0335ms
[debug] [Loading] Scanning directory C:\Users\Hossein\Desktop\Huffman\project
[debug] [Loading] Found non-root projects 
[debug] [Loading] Done in C:\Users\Hossein\Desktop\Huffman\project, returning: ()
[debug] deducing auto plugins based on known facts Set(Atom(sbt.plugins.CorePlugin)) and clauses Clauses(List(Clause(Atom(sbt.plugins.JvmPlugin),Set(Atom(sbt.plugins.IvyPlugin))), Clause(Atom(sbt.ScriptedPlugin),Set(Atom(sbt.plugins.JvmPlugin))), Clause(Atom(sbt.plugins.SbtPlugin),Set(Atom(sbt.ScriptedPlugin))), Clause(Atom(sbt.plugins.SemanticdbPlugin),Set(Atom(sbt.plugins.JvmPlugin))), Clause(Atom(sbt.plugins.JUnitXmlReportPlugin),Set(Atom(sbt.plugins.JvmPlugin))), Clause(Atom(sbt.plugins.MiniDependencyTreePlugin),Set(Atom(sbt.plugins.JvmPlugin))), Clause(Atom(sbt.plugins.CorePlugin),Set(Atom(sbt.plugins.IvyPlugin))), Clause(Atom(sbt.plugins.IvyPlugin),Set(Atom(sbt.plugins.JvmPlugin))), Clause(Atom(sbt.plugins.JvmPlugin),Set(Atom(sbt.plugins.SemanticdbPlugin))), Clause(Atom(sbt.plugins.JvmPlugin),Set(Atom(sbt.plugins.JUnitXmlReportPlugin))), Clause(Atom(sbt.plugins.CorePlugin),Set(Atom(sbt.plugins.Giter8TemplatePlugin))), Clause(Atom(sbt.plugins.JvmPlugin),Set(Atom(sbt.plugins.MiniDependencyTreePlugin)))))
[debug]   :: deduced result: Matched(sbt.plugins.CorePlugin,sbt.plugins.Giter8TemplatePlugin,sbt.plugins.IvyPlugin,sbt.plugins.JvmPlugin,sbt.plugins.MiniDependencyTreePlugin,sbt.plugins.JUnitXmlReportPlugin,sbt.plugins.SemanticdbPlugin)
[debug] Plugins.deducer#function took 4.6464 ms
[debug]               Load.resolveProject(huffman-build) took 3.5174ms
[debug]             Load.loadTransitive: finalizeProject(Project(id huffman-build, base: C:\Users\Hossein\Desktop\Huffman\project, plugins: List(<none>))) took 9.6665ms
[debug] [Loading] Done in C:\Users\Hossein\Desktop\Huffman\project, returning: (huffman-build)
[debug]           Load.loadUnit: loadedProjectsRaw took 14.3044ms
[debug]           Load.loadUnit: cleanEvalClasses took 0.0285ms
[debug]         Load.loadUnit(file:/C:/Users/Hossein/Desktop/Huffman/project/, ...) took 94.5672ms
[debug]       Load.apply: load took 99.2472ms
[debug]       Load.apply: resolveProjects took 0.2431ms
[debug]       Load.apply: finalTransforms took 30.4129ms
[debug]       Load.apply: config.delegates took 0.8811ms
[debug]       Load.apply: Def.make(settings)... took 242.8728ms
[debug]       Load.apply: structureIndex took 101.9611ms
[debug]       Load.apply: mkStreams took 0.0054ms
[info] loading project definition from C:\Users\Hossein\Desktop\Huffman\project
[debug] Running task... Cancel: Signal, check cycles: false, forcegc: true
[debug]     Load.loadUnit: plugins took 1181.6217ms
[debug]     Load.loadUnit: defsScala took 0.0156ms
[debug] [Loading] Scanning directory C:\Users\Hossein\Desktop\Huffman
[debug]       Load.loadUnit: mkEval took 12.9151ms
[debug] [Loading] Found non-root projects 
[debug] [Loading] Done in C:\Users\Hossein\Desktop\Huffman, returning: ()
[debug] deducing auto plugins based on known facts Set(Atom(sbt.plugins.CorePlugin)) and clauses Clauses(List(Clause(Atom(sbt.plugins.JvmPlugin),Set(Atom(sbt.plugins.IvyPlugin))), Clause(Atom(sbt.ScriptedPlugin),Set(Atom(sbt.plugins.JvmPlugin))), Clause(Atom(sbt.plugins.SbtPlugin),Set(Atom(sbt.ScriptedPlugin))), Clause(Atom(sbt.plugins.SemanticdbPlugin),Set(Atom(sbt.plugins.JvmPlugin))), Clause(Atom(sbt.plugins.JUnitXmlReportPlugin),Set(Atom(sbt.plugins.JvmPlugin))), Clause(Atom(sbt.plugins.MiniDependencyTreePlugin),Set(Atom(sbt.plugins.JvmPlugin))), Clause(Atom(sbt.plugins.CorePlugin),Set(Atom(sbt.plugins.IvyPlugin))), Clause(Atom(sbt.plugins.IvyPlugin),Set(Atom(sbt.plugins.JvmPlugin))), Clause(Atom(sbt.plugins.JvmPlugin),Set(Atom(sbt.plugins.SemanticdbPlugin))), Clause(Atom(sbt.plugins.JvmPlugin),Set(Atom(sbt.plugins.JUnitXmlReportPlugin))), Clause(Atom(sbt.plugins.CorePlugin),Set(Atom(sbt.plugins.Giter8TemplatePlugin))), Clause(Atom(sbt.plugins.JvmPlugin),Set(Atom(sbt.plugins.MiniDependencyTreePlugin)))))
[debug]   :: deduced result: Matched(sbt.plugins.CorePlugin,sbt.plugins.Giter8TemplatePlugin,sbt.plugins.IvyPlugin,sbt.plugins.JvmPlugin,sbt.plugins.MiniDependencyTreePlugin,sbt.plugins.JUnitXmlReportPlugin,sbt.plugins.SemanticdbPlugin)
[debug] Plugins.deducer#function took 3.8987 ms
[info] loading settings for project huffman from build.sbt ...
[debug]         Load.resolveProject(huffman) took 8.9014ms
[debug]       Load.loadTransitive: finalizeProject(Project(id huffman, base: C:\Users\Hossein\Desktop\Huffman, plugins: List(<none>))) took 14.8302ms
[debug] [Loading] Done in C:\Users\Hossein\Desktop\Huffman, returning: (huffman)
[debug]     Load.loadUnit: loadedProjectsRaw took 5451.9511ms
[debug]     Load.loadUnit: cleanEvalClasses took 58.7714ms
[debug]   Load.loadUnit(file:/C:/Users/Hossein/Desktop/Huffman/, ...) took 6694.7259ms
[debug] Load.apply: load took 6701.9776ms
[debug] Load.apply: resolveProjects took 0.228ms
[debug] Load.apply: finalTransforms took 18.475ms
[debug] Load.apply: config.delegates took 0.7433ms
[debug] Load.apply: Def.make(settings)... took 302.898ms
[debug] Load.apply: structureIndex took 56.5331ms
[debug] Load.apply: mkStreams took 0.0044ms
[info] set current project to Huffman (in build file:/C:/Users/Hossein/Desktop/Huffman/)
[debug] > Exec(sbtPopOnFailure, None, None)
[debug] > Exec(resumeFromFailure, None, None)
[debug] > Exec(notifyUsersAboutShell, None, None)
[debug] > Exec(iflast shell, None, None)
[debug] > Exec(shell, None, None)
[info] sbt server started at local:sbt-server-15d952c1ba22edbce40a
[info] started sbt server
[info] shutting down sbt server
