[debug] > Exec(early(addDefaultCommands), None, None)
[debug] > Exec(addDefaultCommands, None, None)
[debug] > Exec(early(initialize), None, None)
[debug] > Exec(initialize, None, None)
[debug] > Exec(early(addPluginSbtFile="""C:\Users\Hossein\AppData\Local\Temp\idea2.sbt"""), None, None)
[debug] > Exec(addPluginSbtFile="""C:\Users\Hossein\AppData\Local\Temp\idea2.sbt""", None, None)
[debug] > Exec(boot, None, None)
[debug] > Exec(writeSbtVersion, None, None)
[debug] > Exec(reload, None, None)
[debug] > Exec(sbtStashOnFailure, None, None)
[debug] > Exec(onFailure loadFailed, None, None)
[debug] > Exec(loadp, None, None)
[info] welcome to sbt 1.4.3 (Oracle Corporation Java 15.0.2)
[debug]       Load.loadUnit: plugins took 3799.8602ms
[debug]       Load.loadUnit: defsScala took 1.7981ms
[debug] [Loading] Scanning directory C:\Users\Hossein\.sbt\1.0\plugins
[debug] [Loading] Found non-root projects 
[debug] [Loading] Done in C:\Users\Hossein\.sbt\1.0\plugins, returning: ()
[debug] deducing auto plugins based on known facts Set(Atom(sbt.plugins.CorePlugin)) and clauses Clauses(List(Clause(Atom(sbt.plugins.JvmPlugin),Set(Atom(sbt.plugins.IvyPlugin))), Clause(Atom(sbt.ScriptedPlugin),Set(Atom(sbt.plugins.JvmPlugin))), Clause(Atom(sbt.plugins.SbtPlugin),Set(Atom(sbt.ScriptedPlugin))), Clause(Atom(sbt.plugins.SemanticdbPlugin),Set(Atom(sbt.plugins.JvmPlugin))), Clause(Atom(sbt.plugins.JUnitXmlReportPlugin),Set(Atom(sbt.plugins.JvmPlugin))), Clause(Atom(sbt.plugins.MiniDependencyTreePlugin),Set(Atom(sbt.plugins.JvmPlugin))), Clause(Atom(sbt.plugins.CorePlugin),Set(Atom(sbt.plugins.IvyPlugin))), Clause(Atom(sbt.plugins.IvyPlugin),Set(Atom(sbt.plugins.JvmPlugin))), Clause(Atom(sbt.plugins.JvmPlugin),Set(Atom(sbt.plugins.SemanticdbPlugin))), Clause(Atom(sbt.plugins.JvmPlugin),Set(Atom(sbt.plugins.JUnitXmlReportPlugin))), Clause(Atom(sbt.plugins.CorePlugin),Set(Atom(sbt.plugins.Giter8TemplatePlugin))), Clause(Atom(sbt.plugins.JvmPlugin),Set(Atom(sbt.plugins.MiniDependencyTreePlugin)))))
[debug]   :: deduced result: Matched(sbt.plugins.CorePlugin,sbt.plugins.Giter8TemplatePlugin,sbt.plugins.IvyPlugin,sbt.plugins.JvmPlugin,sbt.plugins.MiniDependencyTreePlugin,sbt.plugins.JUnitXmlReportPlugin,sbt.plugins.SemanticdbPlugin)
[debug] Plugins.deducer#function took 992.2956 ms
[debug]           Load.resolveProject(global-plugins) took 2548.63ms
[debug]         Load.loadTransitive: finalizeProject(Project(id global-plugins, base: C:\Users\Hossein\.sbt\1.0\plugins, plugins: List(<none>))) took 4931.5935ms
[debug] [Loading] Done in C:\Users\Hossein\.sbt\1.0\plugins, returning: (global-plugins)
[debug]       Load.loadUnit: loadedProjectsRaw took 5089.182ms
[debug]       Load.loadUnit: cleanEvalClasses took 0.6191ms
[debug]     Load.loadUnit(file:/C:/Users/Hossein/.sbt/1.0/plugins/, ...) took 9648.8636ms
[debug]   Load.apply: load took 19554.5951ms
[debug]   Load.apply: resolveProjects took 59.2901ms
[debug]   Load.apply: finalTransforms took 2420.2598ms
[debug]   Load.apply: config.delegates took 42.0102ms
[debug]   Load.apply: Def.make(settings)... took 42311.5322ms
[debug]   Load.apply: structureIndex took 5850.5402ms
[debug]   Load.apply: mkStreams took 4.7562ms
[info] loading global plugins from C:\Users\Hossein\.sbt\1.0\plugins
[debug] Running task... Cancel: Signal, check cycles: false, forcegc: true
[debug] Load.defaultLoad until apply took 138035.994ms
[debug]           Load.loadUnit: plugins took 2474.5219ms
[debug]           Load.loadUnit: defsScala took 0.0618ms
[debug] [Loading] Scanning directory C:\Users\Hossein\Desktop\Huffman\project
[debug]             Load.loadUnit: mkEval took 50.7504ms
[debug] [Loading] Found non-root projects 
[debug] [Loading] Done in C:\Users\Hossein\Desktop\Huffman\project, returning: ()
[debug] deducing auto plugins based on known facts Set(Atom(sbt.plugins.CorePlugin)) and clauses Clauses(List(Clause(Atom(sbt.plugins.JvmPlugin),Set(Atom(sbt.plugins.IvyPlugin))), Clause(Atom(sbt.ScriptedPlugin),Set(Atom(sbt.plugins.JvmPlugin))), Clause(Atom(sbt.plugins.SbtPlugin),Set(Atom(sbt.ScriptedPlugin))), Clause(Atom(sbt.plugins.SemanticdbPlugin),Set(Atom(sbt.plugins.JvmPlugin))), Clause(Atom(sbt.plugins.JUnitXmlReportPlugin),Set(Atom(sbt.plugins.JvmPlugin))), Clause(Atom(sbt.plugins.MiniDependencyTreePlugin),Set(Atom(sbt.plugins.JvmPlugin))), Clause(Atom(sbt.plugins.CorePlugin),Set(Atom(sbt.plugins.IvyPlugin))), Clause(Atom(sbt.plugins.IvyPlugin),Set(Atom(sbt.plugins.JvmPlugin))), Clause(Atom(sbt.plugins.JvmPlugin),Set(Atom(sbt.plugins.SemanticdbPlugin))), Clause(Atom(sbt.plugins.JvmPlugin),Set(Atom(sbt.plugins.JUnitXmlReportPlugin))), Clause(Atom(sbt.plugins.CorePlugin),Set(Atom(sbt.plugins.Giter8TemplatePlugin))), Clause(Atom(sbt.plugins.JvmPlugin),Set(Atom(sbt.plugins.MiniDependencyTreePlugin)))))
[debug]   :: deduced result: Matched(sbt.plugins.CorePlugin,sbt.plugins.Giter8TemplatePlugin,sbt.plugins.IvyPlugin,sbt.plugins.JvmPlugin,sbt.plugins.MiniDependencyTreePlugin,sbt.plugins.JUnitXmlReportPlugin,sbt.plugins.SemanticdbPlugin)
[debug] Plugins.deducer#function took 12.9593 ms
[info] loading settings for project huffman-build from idea2.sbt ...
[debug]               Load.resolveProject(huffman-build) took 1565.2852ms
[debug]             Load.loadTransitive: finalizeProject(Project(id huffman-build, base: C:\Users\Hossein\Desktop\Huffman\project, plugins: List(<none>))) took 1580.6437ms
[debug] [Loading] Done in C:\Users\Hossein\Desktop\Huffman\project, returning: (huffman-build)
[debug]           Load.loadUnit: loadedProjectsRaw took 95132.1386ms
[debug]           Load.loadUnit: cleanEvalClasses took 21.3562ms
[debug]         Load.loadUnit(file:/C:/Users/Hossein/Desktop/Huffman/project/, ...) took 97632.3387ms
[debug]       Load.apply: load took 97675.5293ms
[debug]       Load.apply: resolveProjects took 1.264ms
[debug]       Load.apply: finalTransforms took 1075.627ms
[debug]       Load.apply: config.delegates took 1.5282ms
[debug]       Load.apply: Def.make(settings)... took 2906.1763ms
[debug]       Load.apply: structureIndex took 215.203ms
[debug]       Load.apply: mkStreams took 0.0061ms
[info] loading project definition from C:\Users\Hossein\Desktop\Huffman\project
[debug] Running task... Cancel: Signal, check cycles: false, forcegc: true
[debug]     Load.loadUnit: plugins took 155213.5623ms
[debug]     Load.loadUnit: defsScala took 0.0308ms
[debug] [Loading] Scanning directory C:\Users\Hossein\Desktop\Huffman
[debug]       Load.loadUnit: mkEval took 1.8095ms
[debug] [Loading] Found non-root projects 
[debug] [Loading] Done in C:\Users\Hossein\Desktop\Huffman, returning: ()
[debug] deducing auto plugins based on known facts Set(Atom(sbt.plugins.CorePlugin)) and clauses Clauses(List(Clause(Atom(sbt.plugins.JvmPlugin),Set(Atom(sbt.plugins.IvyPlugin))), Clause(Atom(sbt.ScriptedPlugin),Set(Atom(sbt.plugins.JvmPlugin))), Clause(Atom(sbt.plugins.SbtPlugin),Set(Atom(sbt.ScriptedPlugin))), Clause(Atom(sbt.plugins.SemanticdbPlugin),Set(Atom(sbt.plugins.JvmPlugin))), Clause(Atom(sbt.plugins.JUnitXmlReportPlugin),Set(Atom(sbt.plugins.JvmPlugin))), Clause(Atom(sbt.plugins.MiniDependencyTreePlugin),Set(Atom(sbt.plugins.JvmPlugin))), Clause(Atom(org.jetbrains.sbt.StructurePlugin),Set(Atom(sbt.plugins.JvmPlugin))), Clause(Atom(org.jetbrains.sbt.IdeaShellPlugin),Set(Atom(sbt.plugins.JvmPlugin))), Clause(Atom(org.jetbrains.sbt.indices.SbtIntellijIndicesPlugin),Set(Atom(sbt.plugins.JvmPlugin))), Clause(Atom(sbt.plugins.CorePlugin),Set(Atom(sbt.plugins.IvyPlugin))), Clause(Atom(sbt.plugins.IvyPlugin),Set(Atom(sbt.plugins.JvmPlugin))), Clause(Atom(sbt.plugins.JvmPlugin),Set(Atom(sbt.plugins.SemanticdbPlugin))), Clause(Atom(sbt.plugins.JvmPlugin),Set(Atom(sbt.plugins.JUnitXmlReportPlugin))), Clause(Atom(sbt.plugins.CorePlugin),Set(Atom(sbt.plugins.Giter8TemplatePlugin))), Clause(Atom(sbt.plugins.JvmPlugin),Set(Atom(sbt.plugins.MiniDependencyTreePlugin))), Clause(Atom(sbt.plugins.JvmPlugin),Set(Atom(org.jetbrains.sbt.StructurePlugin))), Clause(Atom(sbt.plugins.JvmPlugin),Set(Atom(org.jetbrains.sbt.IdeaShellPlugin))), Clause(And(Set(Atom(sbt.plugins.CorePlugin), Atom(sbt.plugins.JvmPlugin))),Set(Atom(org.jetbrains.sbt.indices.SbtIntellijIndicesPlugin)))))
[debug]   :: deduced result: Matched(sbt.plugins.CorePlugin,sbt.plugins.Giter8TemplatePlugin,sbt.plugins.IvyPlugin,sbt.plugins.JvmPlugin,sbt.plugins.SemanticdbPlugin,org.jetbrains.sbt.indices.SbtIntellijIndicesPlugin,sbt.plugins.JUnitXmlReportPlugin,org.jetbrains.sbt.IdeaShellPlugin,org.jetbrains.sbt.StructurePlugin,sbt.plugins.MiniDependencyTreePlugin)
[debug] Plugins.deducer#function took 11.083 ms
[info] loading settings for project huffman from build.sbt ...
[debug]         Load.resolveProject(huffman) took 2084.089ms
[debug]       Load.loadTransitive: finalizeProject(Project(id huffman, base: C:\Users\Hossein\Desktop\Huffman, plugins: List(<none>))) took 2098.2985ms
[debug] [Loading] Done in C:\Users\Hossein\Desktop\Huffman, returning: (huffman)
[debug]     Load.loadUnit: loadedProjectsRaw took 45206.8452ms
[debug]     Load.loadUnit: cleanEvalClasses took 122.5185ms
[debug]   Load.loadUnit(file:/C:/Users/Hossein/Desktop/Huffman/, ...) took 200547.6042ms
[debug] Load.apply: load took 200555.8582ms
[debug] Load.apply: resolveProjects took 0.4588ms
[debug] Load.apply: finalTransforms took 59.3771ms
[debug] Load.apply: config.delegates took 0.5293ms
[debug] Load.apply: Def.make(settings)... took 1615.4058ms
[debug] Load.apply: structureIndex took 877.5892ms
[debug] Load.apply: mkStreams took 0.0046ms
[info] set current project to Huffman (in build file:/C:/Users/Hossein/Desktop/Huffman/)
[debug] > Exec(sbtPopOnFailure, None, None)
[debug] > Exec(resumeFromFailure, None, None)
[debug] > Exec(notifyUsersAboutShell, None, None)
[debug] > Exec(iflast shell, None, None)
[debug] > Exec(; set ideaPort in Global := 1336 ; idea-shell, None, None)
[debug] > Exec(set ideaPort in Global := 1336, None, None)
[info] Defining Global / ideaPort
[info] The new value will be used by Compile / compile, Test / compile
[debug] Defining 
[debug] 	Global / ideaPort
[debug] 
[debug] The new value will be used by 
[debug] 	Compile / compile
[debug] 	Test / compile
[info] Reapplying settings...
[info] set current project to Huffman (in build file:/C:/Users/Hossein/Desktop/Huffman/)
[debug] > Exec(idea-shell, None, None)
